<?xml version="1.0" encoding="UTF-8"?>
<!-- Generated by org.testng.reporters.JUnitReportReporter -->
<testsuite hostname="abdelrahman" failures="0" tests="1" name="Tests.google" time="7.911" errors="0" timestamp="2023-11-17T16:54:34 EET" skipped="0">
  <testcase classname="Tests.google" name="search" time="7.911"/>
  <system-out/>
</testsuite> <!-- Tests.google -->
