<?xml version="1.0" encoding="UTF-8"?>
<!-- Generated by org.testng.reporters.JUnitReportReporter -->
<testsuite hostname="abdelrahman" failures="0" tests="1" name="Tests.google" time="19.649" errors="0" timestamp="2023-11-15T01:57:32 EET" skipped="0">
  <testcase classname="Tests.google" name="search" time="19.649"/>
  <system-out/>
</testsuite> <!-- Tests.google -->
